#! /opt/homebrew/Cellar/icarus-verilog/12.0/bin/vvp
:ivl_version "12.0 (stable)";
:ivl_delay_selection "TYPICAL";
:vpi_time_precision - 12;
:vpi_module "/opt/homebrew/Cellar/icarus-verilog/12.0/lib/ivl/system.vpi";
:vpi_module "/opt/homebrew/Cellar/icarus-verilog/12.0/lib/ivl/vhdl_sys.vpi";
:vpi_module "/opt/homebrew/Cellar/icarus-verilog/12.0/lib/ivl/vhdl_textio.vpi";
:vpi_module "/opt/homebrew/Cellar/icarus-verilog/12.0/lib/ivl/v2005_math.vpi";
:vpi_module "/opt/homebrew/Cellar/icarus-verilog/12.0/lib/ivl/va_math.vpi";
S_0x125905d50 .scope module, "tb_counter" "tb_counter" 2 2;
 .timescale -12 -12;
P_0x12590af40 .param/l "CLK_PERIOD" 1 2 16, +C4<00000000000000000000000000001010>;
v0x12591ac70_0 .var "clk", 0 0;
v0x12591ad10_0 .net "count", 31 0, v0x12591aac0_0;  1 drivers
v0x12591adc0_0 .var "rst_n", 0 0;
S_0x125905ec0 .scope module, "tb_counter" "counter" 2 8, 3 1 0, S_0x125905d50;
 .timescale 0 0;
    .port_info 0 /INPUT 1 "clk";
    .port_info 1 /INPUT 1 "rst_n";
    .port_info 2 /OUTPUT 32 "count";
v0x125904b30_0 .net "clk", 0 0, v0x12591ac70_0;  1 drivers
v0x12591aac0_0 .var "count", 31 0;
v0x12591ab70_0 .net "rst_n", 0 0, v0x12591adc0_0;  1 drivers
E_0x125905230/0 .event negedge, v0x12591ab70_0;
E_0x125905230/1 .event posedge, v0x125904b30_0;
E_0x125905230 .event/or E_0x125905230/0, E_0x125905230/1;
    .scope S_0x125905ec0;
T_0 ;
    %wait E_0x125905230;
    %load/vec4 v0x12591ab70_0;
    %nor/r;
    %flag_set/vec4 8;
    %jmp/0xz  T_0.0, 8;
    %pushi/vec4 0, 0, 32;
    %assign/vec4 v0x12591aac0_0, 0;
    %jmp T_0.1;
T_0.0 ;
    %load/vec4 v0x12591aac0_0;
    %addi 1, 0, 32;
    %assign/vec4 v0x12591aac0_0, 0;
T_0.1 ;
    %jmp T_0;
    .thread T_0;
    .scope S_0x125905d50;
T_1 ;
    %delay 5, 0;
    %load/vec4 v0x12591ac70_0;
    %inv;
    %store/vec4 v0x12591ac70_0, 0, 1;
    %jmp T_1;
    .thread T_1;
    .scope S_0x125905d50;
T_2 ;
    %vpi_call 2 20 "$dumpfile", "tb_counter.vcd" {0 0 0};
    %vpi_call 2 21 "$dumpvars", 32'sb00000000000000000000000000000000, S_0x125905ec0 {0 0 0};
    %end;
    .thread T_2;
    .scope S_0x125905d50;
T_3 ;
    %delay 10, 0;
    %pushi/vec4 1, 1, 1;
    %assign/vec4 v0x12591adc0_0, 0;
    %pushi/vec4 1, 1, 1;
    %assign/vec4 v0x12591ac70_0, 0;
    %delay 30, 0;
    %pushi/vec4 0, 0, 1;
    %assign/vec4 v0x12591adc0_0, 0;
    %delay 30, 0;
    %pushi/vec4 1, 0, 1;
    %assign/vec4 v0x12591adc0_0, 0;
    %pushi/vec4 0, 0, 1;
    %assign/vec4 v0x12591ac70_0, 0;
    %delay 1000, 0;
    %pushi/vec4 0, 0, 1;
    %assign/vec4 v0x12591adc0_0, 0;
    %delay 50, 0;
    %vpi_call 2 31 "$finish" {0 0 0};
    %end;
    .thread T_3;
# The file index is used to find the file name in the following table.
:file_names 4;
    "N/A";
    "<interactive>";
    "./tb/tb_counter.v";
    "./rtl/counter.v";
